<?xml version="1.0" encoding="UTF-8"?>
<!-- Generated by org.testng.reporters.JUnitReportReporter -->
<testsuite hostname="DESKTOP-RFGG51U" failures="0" tests="1" name="day2.JsonPathResponse" time="6.086" errors="0" timestamp="2024-03-14T12:03:33 IST" skipped="0">
  <testcase classname="day2.JsonPathResponse" name="jsonPathResposnse" time="6.086"/>
</testsuite> <!-- day2.JsonPathResponse -->
