<?xml version="1.0" encoding="UTF-8"?>
<!-- Generated by org.testng.reporters.JUnitReportReporter -->
<testsuite hostname="DESKTOP-RFGG51U" failures="0" tests="4" name="day1.HttpRequest" time="11.977" errors="0" timestamp="2024-03-13T12:45:57 IST" skipped="1">
  <testcase classname="day1.HttpRequest" name="putUser" time="10.314"/>
  <testcase classname="day1.HttpRequest" name="updateUser" time="1.062"/>
  <testcase classname="day1.HttpRequest" name="deleteUser" time="0.601"/>
  <testcase classname="day1.HttpRequest" name="getUsers">
    <skipped/>
  </testcase> <!-- getUsers -->
</testsuite> <!-- day1.HttpRequest -->
