<?xml version="1.0" encoding="UTF-8"?>
<!-- Generated by org.testng.reporters.JUnitReportReporter -->
<testsuite hostname="DESKTOP-RFGG51U" failures="0" tests="1" name="day2.CookieClass" time="8.040" errors="0" timestamp="2024-03-14T11:08:12 IST" skipped="0">
  <testcase classname="day2.CookieClass" name="getCookie" time="8.040"/>
</testsuite> <!-- day2.CookieClass -->
