<?xml version="1.0" encoding="UTF-8"?>
<!-- Generated by org.testng.reporters.JUnitReportReporter -->
<testsuite hostname="DESKTOP-RFGG51U" failures="0" tests="1" name="day2.HeaderClass" time="7.635" errors="0" timestamp="2024-03-14T11:29:58 IST" skipped="0">
  <testcase classname="day2.HeaderClass" name="getHeaders" time="7.635"/>
</testsuite> <!-- day2.HeaderClass -->
