<?xml version="1.0" encoding="UTF-8"?>
<!-- Generated by org.testng.reporters.JUnitReportReporter -->
<testsuite hostname="DESKTOP-RFGG51U" failures="0" tests="1" name="day2.PathQuery" time="7.770" errors="0" timestamp="2024-03-14T10:49:32 IST" skipped="0">
  <testcase classname="day2.PathQuery" name="passPathAndQuery" time="7.770"/>
</testsuite> <!-- day2.PathQuery -->
